<?xml version="1.0" encoding="UTF-8"?>
<testsuite name="RobotIntegrationTest" tests="7" skipped="0" failures="0" errors="0" timestamp="2021-05-17T09:44:51" hostname="WILL" time="0.057">
  <properties/>
  <testcase name="moveRobotOverEdge()" classname="RobotIntegrationTest" time="0.019"/>
  <testcase name="moveAndRotateRobot()" classname="RobotIntegrationTest" time="0.003"/>
  <testcase name="parseInput()" classname="RobotIntegrationTest" time="0.017"/>
  <testcase name="placeAndRotateRobot()" classname="RobotIntegrationTest" time="0.012"/>
  <testcase name="placeRobot()" classname="RobotIntegrationTest" time="0.001"/>
  <testcase name="placeAndMoveRobot()" classname="RobotIntegrationTest" time="0.001"/>
  <testcase name="moveRobot()" classname="RobotIntegrationTest" time="0.0"/>
  <system-out><![CDATA[]]></system-out>
  <system-err><![CDATA[]]></system-err>
</testsuite>
